2025-07-25 19:28:18 [@ANDREA]
[login] 3: Fallo en el acceso de  desde la IP 127.0.0.1
2025-07-25 19:28:28 [@ANDREA]
[login] 3: glpi  inicio de sesión desde IP 127.0.0.1
2025-07-25 19:56:52 [@ANDREA]
[login] 3: glpi  inicio de sesión desde IP ::1
2025-07-25 21:04:13 [@ANDREA]
[login] 3: glpi  inicio de sesión desde IP ::1
2025-07-26 20:33:55 [@ANDREA]
[login] 3: glpi  inicio de sesión desde IP ::1
2025-07-28 17:37:48 [@ANDREA]
[login] 3: glpi  inicio de sesión desde IP ::1
2025-07-29 17:58:21 [@ANDREA]
[login] 3: glpi  inicio de sesión desde IP ::1
2025-07-30 17:47:02 [@ANDREA]
[login] 3: glpi  inicio de sesión desde IP ::1
2025-07-31 17:05:52 [@ANDREA]
[login] 3: glpi  inicio de sesión desde IP ::1
2025-08-01 17:38:05 [@ANDREA]
[login] 3: glpi  inicio de sesión desde IP ::1
2025-08-02 17:14:09 [@ANDREA]
[login] 3: glpi  inicio de sesión desde IP ::1
2025-08-04 17:17:55 [@ANDREA]
[login] 3: glpi  inicio de sesión desde IP ::1
2025-08-05 17:15:29 [@ANDREA]
[login] 3: glpi  inicio de sesión desde IP ::1
2025-08-06 17:14:56 [@ANDREA]
[login] 3: glpi  inicio de sesión desde IP ::1
2025-08-07 18:28:56 [@ANDREA]
[login] 3: glpi  inicio de sesión desde IP ::1
2025-08-08 17:21:54 [@ANDREA]
[login] 3: glpi  inicio de sesión desde IP ::1
2025-08-08 17:21:55 [2@ANDREA]
[login] 3: glpi  inicio de sesión desde IP ::1
2025-08-08 20:33:10 [@ANDREA]
[login] 3: glpi  inicio de sesión desde IP ::1
2025-08-11 17:00:02 [@ANDREA]
[login] 3: glpi  inicio de sesión desde IP ::1
2025-08-11 18:13:35 [@ANDREA]
[login] 3: glpi  inicio de sesión desde IP ::1
2025-08-12 17:11:46 [@ANDREA]
[login] 3: glpi  inicio de sesión desde IP ::1
